<?xml version="1.0" encoding="UTF-8"?>
<testsuite xmlns:xsi="http://www.w3.org/2001/XMLSchema-instance" xsi:noNamespaceSchemaLocation="https://maven.apache.org/surefire/maven-surefire-plugin/xsd/surefire-test-report-3.0.xsd" version="3.0" name="org.acme.aloha.code.test.AlohaCodeDevModeTest" time="1.833" tests="1" errors="0" skipped="0" failures="0">
  <properties>
    <property name="java.specification.version" value="16"/>
    <property name="quickly" value="true"/>
    <property name="sun.jnu.encoding" value="UTF-8"/>
    <property name="java.class.path" value="/Users/ia3andy/Demo/aloha-code/deployment/target/test-classes:/Users/ia3andy/Demo/aloha-code/deployment/target/classes:/Users/ia3andy/.m2/repository/io/quarkus/quarkus-arc-deployment/999-SNAPSHOT/quarkus-arc-deployment-999-SNAPSHOT.jar:/Users/ia3andy/.m2/repository/io/quarkus/quarkus-core-deployment/999-SNAPSHOT/quarkus-core-deployment-999-SNAPSHOT.jar:/Users/ia3andy/.m2/repository/org/wildfly/common/wildfly-common/1.5.4.Final-format-001/wildfly-common-1.5.4.Final-format-001.jar:/Users/ia3andy/.m2/repository/io/quarkus/gizmo/gizmo/1.0.7.Final/gizmo-1.0.7.Final.jar:/Users/ia3andy/.m2/repository/org/ow2/asm/asm-util/9.1/asm-util-9.1.jar:/Users/ia3andy/.m2/repository/org/ow2/asm/asm-tree/9.1/asm-tree-9.1.jar:/Users/ia3andy/.m2/repository/org/ow2/asm/asm-analysis/9.1/asm-analysis-9.1.jar:/Users/ia3andy/.m2/repository/org/jboss/jandex/2.2.3.Final/jandex-2.2.3.Final.jar:/Users/ia3andy/.m2/repository/org/ow2/asm/asm/9.1/asm-9.1.jar:/Users/ia3andy/.m2/repository/io/quarkus/quarkus-development-mode-spi/999-SNAPSHOT/quarkus-development-mode-spi-999-SNAPSHOT.jar:/Users/ia3andy/.m2/repository/io/quarkus/quarkus-class-change-agent/999-SNAPSHOT/quarkus-class-change-agent-999-SNAPSHOT.jar:/Users/ia3andy/.m2/repository/io/quarkus/quarkus-bootstrap-core/999-SNAPSHOT/quarkus-bootstrap-core-999-SNAPSHOT.jar:/Users/ia3andy/.m2/repository/io/quarkus/quarkus-bootstrap-app-model/999-SNAPSHOT/quarkus-bootstrap-app-model-999-SNAPSHOT.jar:/Users/ia3andy/.m2/repository/io/quarkus/quarkus-bootstrap-maven-resolver/999-SNAPSHOT/quarkus-bootstrap-maven-resolver-999-SNAPSHOT.jar:/Users/ia3andy/.m2/repository/org/apache/maven/maven-embedder/3.6.3/maven-embedder-3.6.3.jar:/Users/ia3andy/.m2/repository/org/apache/maven/maven-settings/3.6.3/maven-settings-3.6.3.jar:/Users/ia3andy/.m2/repository/org/apache/maven/maven-core/3.6.3/maven-core-3.6.3.jar:/Users/ia3andy/.m2/repository/org/apache/maven/maven-artifact/3.6.3/maven-artifact-3.6.3.jar:/Users/ia3andy/.m2/repository/org/codehaus/plexus/plexus-component-annotations/2.1.0/plexus-component-annotations-2.1.0.jar:/Users/ia3andy/.m2/repository/org/apache/maven/maven-plugin-api/3.6.3/maven-plugin-api-3.6.3.jar:/Users/ia3andy/.m2/repository/org/apache/maven/maven-model/3.6.3/maven-model-3.6.3.jar:/Users/ia3andy/.m2/repository/org/apache/maven/maven-model-builder/3.6.3/maven-model-builder-3.6.3.jar:/Users/ia3andy/.m2/repository/org/apache/maven/maven-builder-support/3.6.3/maven-builder-support-3.6.3.jar:/Users/ia3andy/.m2/repository/org/apache/maven/resolver/maven-resolver-api/1.4.1/maven-resolver-api-1.4.1.jar:/Users/ia3andy/.m2/repository/org/apache/maven/resolver/maven-resolver-util/1.4.1/maven-resolver-util-1.4.1.jar:/Users/ia3andy/.m2/repository/org/apache/maven/shared/maven-shared-utils/3.2.1/maven-shared-utils-3.2.1.jar:/Users/ia3andy/.m2/repository/commons-io/commons-io/2.8.0/commons-io-2.8.0.jar:/Users/ia3andy/.m2/repository/com/google/inject/guice/4.2.1/guice-4.2.1-no_aop.jar:/Users/ia3andy/.m2/repository/com/google/guava/guava/30.1.1-jre/guava-30.1.1-jre.jar:/Users/ia3andy/.m2/repository/com/google/guava/failureaccess/1.0.1/failureaccess-1.0.1.jar:/Users/ia3andy/.m2/repository/com/google/guava/listenablefuture/9999.0-empty-to-avoid-conflict-with-guava/listenablefuture-9999.0-empty-to-avoid-conflict-with-guava.jar:/Users/ia3andy/.m2/repository/org/codehaus/plexus/plexus-utils/3.2.1/plexus-utils-3.2.1.jar:/Users/ia3andy/.m2/repository/org/codehaus/plexus/plexus-classworlds/2.6.0/plexus-classworlds-2.6.0.jar:/Users/ia3andy/.m2/repository/commons-cli/commons-cli/1.4/commons-cli-1.4.jar:/Users/ia3andy/.m2/repository/org/apache/commons/commons-lang3/3.12.0/commons-lang3-3.12.0.jar:/Users/ia3andy/.m2/repository/org/eclipse/sisu/org.eclipse.sisu.plexus/0.3.4/org.eclipse.sisu.plexus-0.3.4.jar:/Users/ia3andy/.m2/repository/org/apache/maven/maven-settings-builder/3.6.3/maven-settings-builder-3.6.3.jar:/Users/ia3andy/.m2/repository/org/codehaus/plexus/plexus-interpolation/1.25/plexus-interpolation-1.25.jar:/Users/ia3andy/.m2/repository/org/sonatype/plexus/plexus-sec-dispatcher/1.4/plexus-sec-dispatcher-1.4.jar:/Users/ia3andy/.m2/repository/org/sonatype/plexus/plexus-cipher/1.4/plexus-cipher-1.4.jar:/Users/ia3andy/.m2/repository/org/apache/maven/maven-resolver-provider/3.6.3/maven-resolver-provider-3.6.3.jar:/Users/ia3andy/.m2/repository/org/apache/maven/maven-repository-metadata/3.6.3/maven-repository-metadata-3.6.3.jar:/Users/ia3andy/.m2/repository/org/apache/maven/resolver/maven-resolver-spi/1.4.1/maven-resolver-spi-1.4.1.jar:/Users/ia3andy/.m2/repository/org/apache/maven/resolver/maven-resolver-impl/1.4.1/maven-resolver-impl-1.4.1.jar:/Users/ia3andy/.m2/repository/org/apache/maven/resolver/maven-resolver-connector-basic/1.4.1/maven-resolver-connector-basic-1.4.1.jar:/Users/ia3andy/.m2/repository/org/apache/maven/resolver/maven-resolver-transport-wagon/1.4.1/maven-resolver-transport-wagon-1.4.1.jar:/Users/ia3andy/.m2/repository/org/apache/maven/wagon/wagon-http/3.3.4/wagon-http-3.3.4.jar:/Users/ia3andy/.m2/repository/org/apache/maven/wagon/wagon-http-shared/3.3.4/wagon-http-shared-3.3.4.jar:/Users/ia3andy/.m2/repository/org/jsoup/jsoup/1.12.1/jsoup-1.12.1.jar:/Users/ia3andy/.m2/repository/org/apache/httpcomponents/httpclient/4.5.13/httpclient-4.5.13.jar:/Users/ia3andy/.m2/repository/commons-codec/commons-codec/1.15/commons-codec-1.15.jar:/Users/ia3andy/.m2/repository/org/apache/httpcomponents/httpcore/4.4.14/httpcore-4.4.14.jar:/Users/ia3andy/.m2/repository/org/apache/maven/wagon/wagon-provider-api/3.3.4/wagon-provider-api-3.3.4.jar:/Users/ia3andy/.m2/repository/org/apache/maven/wagon/wagon-file/3.3.4/wagon-file-3.3.4.jar:/Users/ia3andy/.m2/repository/io/quarkus/quarkus-bootstrap-gradle-resolver/999-SNAPSHOT/quarkus-bootstrap-gradle-resolver-999-SNAPSHOT.jar:/Users/ia3andy/.m2/repository/io/smallrye/common/smallrye-common-io/1.6.0/smallrye-common-io-1.6.0.jar:/Users/ia3andy/.m2/repository/org/eclipse/sisu/org.eclipse.sisu.inject/0.3.4/org.eclipse.sisu.inject-0.3.4.jar:/Users/ia3andy/.m2/repository/io/quarkus/quarkus-builder/999-SNAPSHOT/quarkus-builder-999-SNAPSHOT.jar:/Users/ia3andy/.m2/repository/org/graalvm/sdk/graal-sdk/21.0.0/graal-sdk-21.0.0.jar:/Users/ia3andy/.m2/repository/io/quarkus/quarkus-vertx-http-dev-console-spi/999-SNAPSHOT/quarkus-vertx-http-dev-console-spi-999-SNAPSHOT.jar:/Users/ia3andy/.m2/repository/io/quarkus/quarkus-vertx-http-dev-console-runtime-spi/999-SNAPSHOT/quarkus-vertx-http-dev-console-runtime-spi-999-SNAPSHOT.jar:/Users/ia3andy/.m2/repository/io/quarkus/arc/arc/999-SNAPSHOT/arc-999-SNAPSHOT.jar:/Users/ia3andy/.m2/repository/jakarta/transaction/jakarta.transaction-api/1.3.3/jakarta.transaction-api-1.3.3.jar:/Users/ia3andy/.m2/repository/io/vertx/vertx-web/4.0.3/vertx-web-4.0.3.jar:/Users/ia3andy/.m2/repository/io/vertx/vertx-web-common/4.0.3/vertx-web-common-4.0.3.jar:/Users/ia3andy/.m2/repository/io/vertx/vertx-auth-common/4.0.3/vertx-auth-common-4.0.3.jar:/Users/ia3andy/.m2/repository/io/vertx/vertx-bridge-common/4.0.3/vertx-bridge-common-4.0.3.jar:/Users/ia3andy/.m2/repository/io/vertx/vertx-core/4.0.3/vertx-core-4.0.3.jar:/Users/ia3andy/.m2/repository/io/netty/netty-common/4.1.60.Final/netty-common-4.1.60.Final.jar:/Users/ia3andy/.m2/repository/io/netty/netty-buffer/4.1.60.Final/netty-buffer-4.1.60.Final.jar:/Users/ia3andy/.m2/repository/io/netty/netty-transport/4.1.60.Final/netty-transport-4.1.60.Final.jar:/Users/ia3andy/.m2/repository/io/netty/netty-handler/4.1.60.Final/netty-handler-4.1.60.Final.jar:/Users/ia3andy/.m2/repository/io/netty/netty-codec/4.1.60.Final/netty-codec-4.1.60.Final.jar:/Users/ia3andy/.m2/repository/io/netty/netty-handler-proxy/4.1.60.Final/netty-handler-proxy-4.1.60.Final.jar:/Users/ia3andy/.m2/repository/io/netty/netty-codec-socks/4.1.60.Final/netty-codec-socks-4.1.60.Final.jar:/Users/ia3andy/.m2/repository/io/netty/netty-codec-http/4.1.60.Final/netty-codec-http-4.1.60.Final.jar:/Users/ia3andy/.m2/repository/io/netty/netty-codec-http2/4.1.60.Final/netty-codec-http2-4.1.60.Final.jar:/Users/ia3andy/.m2/repository/io/netty/netty-resolver/4.1.60.Final/netty-resolver-4.1.60.Final.jar:/Users/ia3andy/.m2/repository/io/netty/netty-resolver-dns/4.1.60.Final/netty-resolver-dns-4.1.60.Final.jar:/Users/ia3andy/.m2/repository/io/netty/netty-codec-dns/4.1.60.Final/netty-codec-dns-4.1.60.Final.jar:/Users/ia3andy/.m2/repository/com/fasterxml/jackson/core/jackson-core/2.12.2/jackson-core-2.12.2.jar:/Users/ia3andy/.m2/repository/io/quarkus/quarkus-arc/999-SNAPSHOT/quarkus-arc-999-SNAPSHOT.jar:/Users/ia3andy/.m2/repository/org/eclipse/microprofile/context-propagation/microprofile-context-propagation-api/1.0.1/microprofile-context-propagation-api-1.0.1.jar:/Users/ia3andy/.m2/repository/io/quarkus/arc/arc-processor/999-SNAPSHOT/arc-processor-999-SNAPSHOT.jar:/Users/ia3andy/.m2/repository/org/jboss/logging/jboss-logging/3.4.1.Final/jboss-logging-3.4.1.Final.jar:/Users/ia3andy/.m2/repository/jakarta/annotation/jakarta.annotation-api/1.3.5/jakarta.annotation-api-1.3.5.jar:/Users/ia3andy/Demo/aloha-code/runtime/target/aloha-code-1.0.0-SNAPSHOT.jar:/Users/ia3andy/.m2/repository/io/quarkus/quarkus-junit5-internal/999-SNAPSHOT/quarkus-junit5-internal-999-SNAPSHOT.jar:/Users/ia3andy/.m2/repository/org/jboss/shrinkwrap/shrinkwrap-api/1.2.6/shrinkwrap-api-1.2.6.jar:/Users/ia3andy/.m2/repository/org/jboss/shrinkwrap/shrinkwrap-spi/1.2.6/shrinkwrap-spi-1.2.6.jar:/Users/ia3andy/.m2/repository/org/jboss/shrinkwrap/shrinkwrap-impl-base/1.2.6/shrinkwrap-impl-base-1.2.6.jar:/Users/ia3andy/.m2/repository/org/junit/jupiter/junit-jupiter-api/5.7.1/junit-jupiter-api-5.7.1.jar:/Users/ia3andy/.m2/repository/org/apiguardian/apiguardian-api/1.1.0/apiguardian-api-1.1.0.jar:/Users/ia3andy/.m2/repository/org/opentest4j/opentest4j/1.2.0/opentest4j-1.2.0.jar:/Users/ia3andy/.m2/repository/org/junit/platform/junit-platform-commons/1.7.1/junit-platform-commons-1.7.1.jar:/Users/ia3andy/.m2/repository/org/junit/jupiter/junit-jupiter-params/5.7.1/junit-jupiter-params-5.7.1.jar:/Users/ia3andy/.m2/repository/org/junit/jupiter/junit-jupiter-engine/5.7.1/junit-jupiter-engine-5.7.1.jar:/Users/ia3andy/.m2/repository/org/junit/platform/junit-platform-engine/1.7.1/junit-platform-engine-1.7.1.jar:/Users/ia3andy/.m2/repository/io/quarkus/quarkus-core/999-SNAPSHOT/quarkus-core-999-SNAPSHOT.jar:/Users/ia3andy/.m2/repository/jakarta/inject/jakarta.inject-api/1.0/jakarta.inject-api-1.0.jar:/Users/ia3andy/.m2/repository/io/quarkus/quarkus-ide-launcher/999-SNAPSHOT/quarkus-ide-launcher-999-SNAPSHOT.jar:/Users/ia3andy/.m2/repository/io/smallrye/config/smallrye-config/2.2.0/smallrye-config-2.2.0.jar:/Users/ia3andy/.m2/repository/io/smallrye/config/smallrye-config-core/2.2.0/smallrye-config-core-2.2.0.jar:/Users/ia3andy/.m2/repository/org/eclipse/microprofile/config/microprofile-config-api/2.0/microprofile-config-api-2.0.jar:/Users/ia3andy/.m2/repository/io/smallrye/common/smallrye-common-annotation/1.6.0/smallrye-common-annotation-1.6.0.jar:/Users/ia3andy/.m2/repository/io/smallrye/common/smallrye-common-expression/1.6.0/smallrye-common-expression-1.6.0.jar:/Users/ia3andy/.m2/repository/io/smallrye/common/smallrye-common-function/1.6.0/smallrye-common-function-1.6.0.jar:/Users/ia3andy/.m2/repository/io/smallrye/common/smallrye-common-constraint/1.6.0/smallrye-common-constraint-1.6.0.jar:/Users/ia3andy/.m2/repository/io/smallrye/common/smallrye-common-classloader/1.6.0/smallrye-common-classloader-1.6.0.jar:/Users/ia3andy/.m2/repository/io/smallrye/config/smallrye-config-common/2.2.0/smallrye-config-common-2.2.0.jar:/Users/ia3andy/.m2/repository/org/jboss/logmanager/jboss-logmanager-embedded/1.0.9/jboss-logmanager-embedded-1.0.9.jar:/Users/ia3andy/.m2/repository/org/jboss/logging/jboss-logging-annotations/2.2.1.Final/jboss-logging-annotations-2.2.1.Final.jar:/Users/ia3andy/.m2/repository/org/jboss/threads/jboss-threads/3.2.0.Final/jboss-threads-3.2.0.Final.jar:/Users/ia3andy/.m2/repository/org/slf4j/slf4j-api/1.7.30/slf4j-api-1.7.30.jar:/Users/ia3andy/.m2/repository/org/jboss/slf4j/slf4j-jboss-logmanager/1.1.0.Final/slf4j-jboss-logmanager-1.1.0.Final.jar:/Users/ia3andy/.m2/repository/io/quarkus/quarkus-bootstrap-runner/999-SNAPSHOT/quarkus-bootstrap-runner-999-SNAPSHOT.jar:/Users/ia3andy/.m2/repository/io/quarkus/quarkus-test-common/999-SNAPSHOT/quarkus-test-common-999-SNAPSHOT.jar:/Users/ia3andy/.m2/repository/io/quarkus/quarkus-jsonp-deployment/999-SNAPSHOT/quarkus-jsonp-deployment-999-SNAPSHOT.jar:/Users/ia3andy/.m2/repository/io/quarkus/quarkus-jsonp/999-SNAPSHOT/quarkus-jsonp-999-SNAPSHOT.jar:/Users/ia3andy/.m2/repository/org/glassfish/jakarta.json/1.1.6/jakarta.json-1.1.6.jar:/Users/ia3andy/.m2/repository/org/jboss/logging/commons-logging-jboss-logging/1.0.0.Final/commons-logging-jboss-logging-1.0.0.Final.jar:/Users/ia3andy/.m2/repository/jakarta/enterprise/jakarta.enterprise.cdi-api/2.0.2/jakarta.enterprise.cdi-api-2.0.2.jar:/Users/ia3andy/.m2/repository/jakarta/el/jakarta.el-api/3.0.3/jakarta.el-api-3.0.3.jar:/Users/ia3andy/.m2/repository/jakarta/interceptor/jakarta.interceptor-api/1.2.5/jakarta.interceptor-api-1.2.5.jar:/Users/ia3andy/.m2/repository/io/quarkus/quarkus-devtools-utilities/999-SNAPSHOT/quarkus-devtools-utilities-999-SNAPSHOT.jar:"/>
    <property name="java.vm.vendor" value="AdoptOpenJDK"/>
    <property name="sun.arch.data.model" value="64"/>
    <property name="java.vendor.url" value="https://adoptopenjdk.net/"/>
    <property name="user.timezone" value="Europe/Paris"/>
    <property name="os.name" value="Mac OS X"/>
    <property name="java.vm.specification.version" value="16"/>
    <property name="sun.java.launcher" value="SUN_STANDARD"/>
    <property name="user.country" value="FR"/>
    <property name="sun.boot.library.path" value="/Library/Java/JavaVirtualMachines/adoptopenjdk-16.jdk/Contents/Home/lib"/>
    <property name="sun.java.command" value="/Users/ia3andy/Demo/aloha-code/deployment/target/surefire/surefirebooter6616623718674558682.jar /Users/ia3andy/Demo/aloha-code/deployment/target/surefire 2021-04-27T10-51-25_034-jvmRun1 surefire14032320593678301159tmp surefire_017493853796876323702tmp"/>
    <property name="http.nonProxyHosts" value="local|*.local|169.254/16|*.169.254/16"/>
    <property name="maven.home" value="/Applications/IntelliJ IDEA.app/Contents/plugins/maven/lib/maven3"/>
    <property name="jdk.debug" value="release"/>
    <property name="surefire.test.class.path" value="/Users/ia3andy/Demo/aloha-code/deployment/target/test-classes:/Users/ia3andy/Demo/aloha-code/deployment/target/classes:/Users/ia3andy/.m2/repository/io/quarkus/quarkus-arc-deployment/999-SNAPSHOT/quarkus-arc-deployment-999-SNAPSHOT.jar:/Users/ia3andy/.m2/repository/io/quarkus/quarkus-core-deployment/999-SNAPSHOT/quarkus-core-deployment-999-SNAPSHOT.jar:/Users/ia3andy/.m2/repository/org/wildfly/common/wildfly-common/1.5.4.Final-format-001/wildfly-common-1.5.4.Final-format-001.jar:/Users/ia3andy/.m2/repository/io/quarkus/gizmo/gizmo/1.0.7.Final/gizmo-1.0.7.Final.jar:/Users/ia3andy/.m2/repository/org/ow2/asm/asm-util/9.1/asm-util-9.1.jar:/Users/ia3andy/.m2/repository/org/ow2/asm/asm-tree/9.1/asm-tree-9.1.jar:/Users/ia3andy/.m2/repository/org/ow2/asm/asm-analysis/9.1/asm-analysis-9.1.jar:/Users/ia3andy/.m2/repository/org/jboss/jandex/2.2.3.Final/jandex-2.2.3.Final.jar:/Users/ia3andy/.m2/repository/org/ow2/asm/asm/9.1/asm-9.1.jar:/Users/ia3andy/.m2/repository/io/quarkus/quarkus-development-mode-spi/999-SNAPSHOT/quarkus-development-mode-spi-999-SNAPSHOT.jar:/Users/ia3andy/.m2/repository/io/quarkus/quarkus-class-change-agent/999-SNAPSHOT/quarkus-class-change-agent-999-SNAPSHOT.jar:/Users/ia3andy/.m2/repository/io/quarkus/quarkus-bootstrap-core/999-SNAPSHOT/quarkus-bootstrap-core-999-SNAPSHOT.jar:/Users/ia3andy/.m2/repository/io/quarkus/quarkus-bootstrap-app-model/999-SNAPSHOT/quarkus-bootstrap-app-model-999-SNAPSHOT.jar:/Users/ia3andy/.m2/repository/io/quarkus/quarkus-bootstrap-maven-resolver/999-SNAPSHOT/quarkus-bootstrap-maven-resolver-999-SNAPSHOT.jar:/Users/ia3andy/.m2/repository/org/apache/maven/maven-embedder/3.6.3/maven-embedder-3.6.3.jar:/Users/ia3andy/.m2/repository/org/apache/maven/maven-settings/3.6.3/maven-settings-3.6.3.jar:/Users/ia3andy/.m2/repository/org/apache/maven/maven-core/3.6.3/maven-core-3.6.3.jar:/Users/ia3andy/.m2/repository/org/apache/maven/maven-artifact/3.6.3/maven-artifact-3.6.3.jar:/Users/ia3andy/.m2/repository/org/codehaus/plexus/plexus-component-annotations/2.1.0/plexus-component-annotations-2.1.0.jar:/Users/ia3andy/.m2/repository/org/apache/maven/maven-plugin-api/3.6.3/maven-plugin-api-3.6.3.jar:/Users/ia3andy/.m2/repository/org/apache/maven/maven-model/3.6.3/maven-model-3.6.3.jar:/Users/ia3andy/.m2/repository/org/apache/maven/maven-model-builder/3.6.3/maven-model-builder-3.6.3.jar:/Users/ia3andy/.m2/repository/org/apache/maven/maven-builder-support/3.6.3/maven-builder-support-3.6.3.jar:/Users/ia3andy/.m2/repository/org/apache/maven/resolver/maven-resolver-api/1.4.1/maven-resolver-api-1.4.1.jar:/Users/ia3andy/.m2/repository/org/apache/maven/resolver/maven-resolver-util/1.4.1/maven-resolver-util-1.4.1.jar:/Users/ia3andy/.m2/repository/org/apache/maven/shared/maven-shared-utils/3.2.1/maven-shared-utils-3.2.1.jar:/Users/ia3andy/.m2/repository/commons-io/commons-io/2.8.0/commons-io-2.8.0.jar:/Users/ia3andy/.m2/repository/com/google/inject/guice/4.2.1/guice-4.2.1-no_aop.jar:/Users/ia3andy/.m2/repository/com/google/guava/guava/30.1.1-jre/guava-30.1.1-jre.jar:/Users/ia3andy/.m2/repository/com/google/guava/failureaccess/1.0.1/failureaccess-1.0.1.jar:/Users/ia3andy/.m2/repository/com/google/guava/listenablefuture/9999.0-empty-to-avoid-conflict-with-guava/listenablefuture-9999.0-empty-to-avoid-conflict-with-guava.jar:/Users/ia3andy/.m2/repository/org/codehaus/plexus/plexus-utils/3.2.1/plexus-utils-3.2.1.jar:/Users/ia3andy/.m2/repository/org/codehaus/plexus/plexus-classworlds/2.6.0/plexus-classworlds-2.6.0.jar:/Users/ia3andy/.m2/repository/commons-cli/commons-cli/1.4/commons-cli-1.4.jar:/Users/ia3andy/.m2/repository/org/apache/commons/commons-lang3/3.12.0/commons-lang3-3.12.0.jar:/Users/ia3andy/.m2/repository/org/eclipse/sisu/org.eclipse.sisu.plexus/0.3.4/org.eclipse.sisu.plexus-0.3.4.jar:/Users/ia3andy/.m2/repository/org/apache/maven/maven-settings-builder/3.6.3/maven-settings-builder-3.6.3.jar:/Users/ia3andy/.m2/repository/org/codehaus/plexus/plexus-interpolation/1.25/plexus-interpolation-1.25.jar:/Users/ia3andy/.m2/repository/org/sonatype/plexus/plexus-sec-dispatcher/1.4/plexus-sec-dispatcher-1.4.jar:/Users/ia3andy/.m2/repository/org/sonatype/plexus/plexus-cipher/1.4/plexus-cipher-1.4.jar:/Users/ia3andy/.m2/repository/org/apache/maven/maven-resolver-provider/3.6.3/maven-resolver-provider-3.6.3.jar:/Users/ia3andy/.m2/repository/org/apache/maven/maven-repository-metadata/3.6.3/maven-repository-metadata-3.6.3.jar:/Users/ia3andy/.m2/repository/org/apache/maven/resolver/maven-resolver-spi/1.4.1/maven-resolver-spi-1.4.1.jar:/Users/ia3andy/.m2/repository/org/apache/maven/resolver/maven-resolver-impl/1.4.1/maven-resolver-impl-1.4.1.jar:/Users/ia3andy/.m2/repository/org/apache/maven/resolver/maven-resolver-connector-basic/1.4.1/maven-resolver-connector-basic-1.4.1.jar:/Users/ia3andy/.m2/repository/org/apache/maven/resolver/maven-resolver-transport-wagon/1.4.1/maven-resolver-transport-wagon-1.4.1.jar:/Users/ia3andy/.m2/repository/org/apache/maven/wagon/wagon-http/3.3.4/wagon-http-3.3.4.jar:/Users/ia3andy/.m2/repository/org/apache/maven/wagon/wagon-http-shared/3.3.4/wagon-http-shared-3.3.4.jar:/Users/ia3andy/.m2/repository/org/jsoup/jsoup/1.12.1/jsoup-1.12.1.jar:/Users/ia3andy/.m2/repository/org/apache/httpcomponents/httpclient/4.5.13/httpclient-4.5.13.jar:/Users/ia3andy/.m2/repository/commons-codec/commons-codec/1.15/commons-codec-1.15.jar:/Users/ia3andy/.m2/repository/org/apache/httpcomponents/httpcore/4.4.14/httpcore-4.4.14.jar:/Users/ia3andy/.m2/repository/org/apache/maven/wagon/wagon-provider-api/3.3.4/wagon-provider-api-3.3.4.jar:/Users/ia3andy/.m2/repository/org/apache/maven/wagon/wagon-file/3.3.4/wagon-file-3.3.4.jar:/Users/ia3andy/.m2/repository/io/quarkus/quarkus-bootstrap-gradle-resolver/999-SNAPSHOT/quarkus-bootstrap-gradle-resolver-999-SNAPSHOT.jar:/Users/ia3andy/.m2/repository/io/smallrye/common/smallrye-common-io/1.6.0/smallrye-common-io-1.6.0.jar:/Users/ia3andy/.m2/repository/org/eclipse/sisu/org.eclipse.sisu.inject/0.3.4/org.eclipse.sisu.inject-0.3.4.jar:/Users/ia3andy/.m2/repository/io/quarkus/quarkus-builder/999-SNAPSHOT/quarkus-builder-999-SNAPSHOT.jar:/Users/ia3andy/.m2/repository/org/graalvm/sdk/graal-sdk/21.0.0/graal-sdk-21.0.0.jar:/Users/ia3andy/.m2/repository/io/quarkus/quarkus-vertx-http-dev-console-spi/999-SNAPSHOT/quarkus-vertx-http-dev-console-spi-999-SNAPSHOT.jar:/Users/ia3andy/.m2/repository/io/quarkus/quarkus-vertx-http-dev-console-runtime-spi/999-SNAPSHOT/quarkus-vertx-http-dev-console-runtime-spi-999-SNAPSHOT.jar:/Users/ia3andy/.m2/repository/io/quarkus/arc/arc/999-SNAPSHOT/arc-999-SNAPSHOT.jar:/Users/ia3andy/.m2/repository/jakarta/transaction/jakarta.transaction-api/1.3.3/jakarta.transaction-api-1.3.3.jar:/Users/ia3andy/.m2/repository/io/vertx/vertx-web/4.0.3/vertx-web-4.0.3.jar:/Users/ia3andy/.m2/repository/io/vertx/vertx-web-common/4.0.3/vertx-web-common-4.0.3.jar:/Users/ia3andy/.m2/repository/io/vertx/vertx-auth-common/4.0.3/vertx-auth-common-4.0.3.jar:/Users/ia3andy/.m2/repository/io/vertx/vertx-bridge-common/4.0.3/vertx-bridge-common-4.0.3.jar:/Users/ia3andy/.m2/repository/io/vertx/vertx-core/4.0.3/vertx-core-4.0.3.jar:/Users/ia3andy/.m2/repository/io/netty/netty-common/4.1.60.Final/netty-common-4.1.60.Final.jar:/Users/ia3andy/.m2/repository/io/netty/netty-buffer/4.1.60.Final/netty-buffer-4.1.60.Final.jar:/Users/ia3andy/.m2/repository/io/netty/netty-transport/4.1.60.Final/netty-transport-4.1.60.Final.jar:/Users/ia3andy/.m2/repository/io/netty/netty-handler/4.1.60.Final/netty-handler-4.1.60.Final.jar:/Users/ia3andy/.m2/repository/io/netty/netty-codec/4.1.60.Final/netty-codec-4.1.60.Final.jar:/Users/ia3andy/.m2/repository/io/netty/netty-handler-proxy/4.1.60.Final/netty-handler-proxy-4.1.60.Final.jar:/Users/ia3andy/.m2/repository/io/netty/netty-codec-socks/4.1.60.Final/netty-codec-socks-4.1.60.Final.jar:/Users/ia3andy/.m2/repository/io/netty/netty-codec-http/4.1.60.Final/netty-codec-http-4.1.60.Final.jar:/Users/ia3andy/.m2/repository/io/netty/netty-codec-http2/4.1.60.Final/netty-codec-http2-4.1.60.Final.jar:/Users/ia3andy/.m2/repository/io/netty/netty-resolver/4.1.60.Final/netty-resolver-4.1.60.Final.jar:/Users/ia3andy/.m2/repository/io/netty/netty-resolver-dns/4.1.60.Final/netty-resolver-dns-4.1.60.Final.jar:/Users/ia3andy/.m2/repository/io/netty/netty-codec-dns/4.1.60.Final/netty-codec-dns-4.1.60.Final.jar:/Users/ia3andy/.m2/repository/com/fasterxml/jackson/core/jackson-core/2.12.2/jackson-core-2.12.2.jar:/Users/ia3andy/.m2/repository/io/quarkus/quarkus-arc/999-SNAPSHOT/quarkus-arc-999-SNAPSHOT.jar:/Users/ia3andy/.m2/repository/org/eclipse/microprofile/context-propagation/microprofile-context-propagation-api/1.0.1/microprofile-context-propagation-api-1.0.1.jar:/Users/ia3andy/.m2/repository/io/quarkus/arc/arc-processor/999-SNAPSHOT/arc-processor-999-SNAPSHOT.jar:/Users/ia3andy/.m2/repository/org/jboss/logging/jboss-logging/3.4.1.Final/jboss-logging-3.4.1.Final.jar:/Users/ia3andy/.m2/repository/jakarta/annotation/jakarta.annotation-api/1.3.5/jakarta.annotation-api-1.3.5.jar:/Users/ia3andy/Demo/aloha-code/runtime/target/aloha-code-1.0.0-SNAPSHOT.jar:/Users/ia3andy/.m2/repository/io/quarkus/quarkus-junit5-internal/999-SNAPSHOT/quarkus-junit5-internal-999-SNAPSHOT.jar:/Users/ia3andy/.m2/repository/org/jboss/shrinkwrap/shrinkwrap-api/1.2.6/shrinkwrap-api-1.2.6.jar:/Users/ia3andy/.m2/repository/org/jboss/shrinkwrap/shrinkwrap-spi/1.2.6/shrinkwrap-spi-1.2.6.jar:/Users/ia3andy/.m2/repository/org/jboss/shrinkwrap/shrinkwrap-impl-base/1.2.6/shrinkwrap-impl-base-1.2.6.jar:/Users/ia3andy/.m2/repository/org/junit/jupiter/junit-jupiter-api/5.7.1/junit-jupiter-api-5.7.1.jar:/Users/ia3andy/.m2/repository/org/apiguardian/apiguardian-api/1.1.0/apiguardian-api-1.1.0.jar:/Users/ia3andy/.m2/repository/org/opentest4j/opentest4j/1.2.0/opentest4j-1.2.0.jar:/Users/ia3andy/.m2/repository/org/junit/platform/junit-platform-commons/1.7.1/junit-platform-commons-1.7.1.jar:/Users/ia3andy/.m2/repository/org/junit/jupiter/junit-jupiter-params/5.7.1/junit-jupiter-params-5.7.1.jar:/Users/ia3andy/.m2/repository/org/junit/jupiter/junit-jupiter-engine/5.7.1/junit-jupiter-engine-5.7.1.jar:/Users/ia3andy/.m2/repository/org/junit/platform/junit-platform-engine/1.7.1/junit-platform-engine-1.7.1.jar:/Users/ia3andy/.m2/repository/io/quarkus/quarkus-core/999-SNAPSHOT/quarkus-core-999-SNAPSHOT.jar:/Users/ia3andy/.m2/repository/jakarta/inject/jakarta.inject-api/1.0/jakarta.inject-api-1.0.jar:/Users/ia3andy/.m2/repository/io/quarkus/quarkus-ide-launcher/999-SNAPSHOT/quarkus-ide-launcher-999-SNAPSHOT.jar:/Users/ia3andy/.m2/repository/io/smallrye/config/smallrye-config/2.2.0/smallrye-config-2.2.0.jar:/Users/ia3andy/.m2/repository/io/smallrye/config/smallrye-config-core/2.2.0/smallrye-config-core-2.2.0.jar:/Users/ia3andy/.m2/repository/org/eclipse/microprofile/config/microprofile-config-api/2.0/microprofile-config-api-2.0.jar:/Users/ia3andy/.m2/repository/io/smallrye/common/smallrye-common-annotation/1.6.0/smallrye-common-annotation-1.6.0.jar:/Users/ia3andy/.m2/repository/io/smallrye/common/smallrye-common-expression/1.6.0/smallrye-common-expression-1.6.0.jar:/Users/ia3andy/.m2/repository/io/smallrye/common/smallrye-common-function/1.6.0/smallrye-common-function-1.6.0.jar:/Users/ia3andy/.m2/repository/io/smallrye/common/smallrye-common-constraint/1.6.0/smallrye-common-constraint-1.6.0.jar:/Users/ia3andy/.m2/repository/io/smallrye/common/smallrye-common-classloader/1.6.0/smallrye-common-classloader-1.6.0.jar:/Users/ia3andy/.m2/repository/io/smallrye/config/smallrye-config-common/2.2.0/smallrye-config-common-2.2.0.jar:/Users/ia3andy/.m2/repository/org/jboss/logmanager/jboss-logmanager-embedded/1.0.9/jboss-logmanager-embedded-1.0.9.jar:/Users/ia3andy/.m2/repository/org/jboss/logging/jboss-logging-annotations/2.2.1.Final/jboss-logging-annotations-2.2.1.Final.jar:/Users/ia3andy/.m2/repository/org/jboss/threads/jboss-threads/3.2.0.Final/jboss-threads-3.2.0.Final.jar:/Users/ia3andy/.m2/repository/org/slf4j/slf4j-api/1.7.30/slf4j-api-1.7.30.jar:/Users/ia3andy/.m2/repository/org/jboss/slf4j/slf4j-jboss-logmanager/1.1.0.Final/slf4j-jboss-logmanager-1.1.0.Final.jar:/Users/ia3andy/.m2/repository/io/quarkus/quarkus-bootstrap-runner/999-SNAPSHOT/quarkus-bootstrap-runner-999-SNAPSHOT.jar:/Users/ia3andy/.m2/repository/io/quarkus/quarkus-test-common/999-SNAPSHOT/quarkus-test-common-999-SNAPSHOT.jar:/Users/ia3andy/.m2/repository/io/quarkus/quarkus-jsonp-deployment/999-SNAPSHOT/quarkus-jsonp-deployment-999-SNAPSHOT.jar:/Users/ia3andy/.m2/repository/io/quarkus/quarkus-jsonp/999-SNAPSHOT/quarkus-jsonp-999-SNAPSHOT.jar:/Users/ia3andy/.m2/repository/org/glassfish/jakarta.json/1.1.6/jakarta.json-1.1.6.jar:/Users/ia3andy/.m2/repository/org/jboss/logging/commons-logging-jboss-logging/1.0.0.Final/commons-logging-jboss-logging-1.0.0.Final.jar:/Users/ia3andy/.m2/repository/jakarta/enterprise/jakarta.enterprise.cdi-api/2.0.2/jakarta.enterprise.cdi-api-2.0.2.jar:/Users/ia3andy/.m2/repository/jakarta/el/jakarta.el-api/3.0.3/jakarta.el-api-3.0.3.jar:/Users/ia3andy/.m2/repository/jakarta/interceptor/jakarta.interceptor-api/1.2.5/jakarta.interceptor-api-1.2.5.jar:/Users/ia3andy/.m2/repository/io/quarkus/quarkus-devtools-utilities/999-SNAPSHOT/quarkus-devtools-utilities-999-SNAPSHOT.jar:"/>
    <property name="sun.cpu.endian" value="little"/>
    <property name="user.home" value="/Users/ia3andy"/>
    <property name="user.language" value="fr"/>
    <property name="java.specification.vendor" value="Oracle Corporation"/>
    <property name="java.version.date" value="2021-03-16"/>
    <property name="java.home" value="/Library/Java/JavaVirtualMachines/adoptopenjdk-16.jdk/Contents/Home"/>
    <property name="file.separator" value="/"/>
    <property name="maven.repo" value="/Users/ia3andy/.m2/repository"/>
    <property name="basedir" value="/Users/ia3andy/Demo/aloha-code/deployment"/>
    <property name="java.vm.compressedOopsMode" value="Zero based"/>
    <property name="line.separator" value="&#10;"/>
    <property name="java.vm.specification.vendor" value="Oracle Corporation"/>
    <property name="java.specification.name" value="Java Platform API Specification"/>
    <property name="surefire.real.class.path" value="/Users/ia3andy/Demo/aloha-code/deployment/target/surefire/surefirebooter6616623718674558682.jar"/>
    <property name="sun.management.compiler" value="HotSpot 64-Bit Tiered Compilers"/>
    <property name="ftp.nonProxyHosts" value="local|*.local|169.254/16|*.169.254/16"/>
    <property name="java.runtime.version" value="16+36"/>
    <property name="user.name" value="ia3andy"/>
    <property name="path.separator" value=":"/>
    <property name="os.version" value="10.16"/>
    <property name="java.runtime.name" value="OpenJDK Runtime Environment"/>
    <property name="file.encoding" value="UTF-8"/>
    <property name="java.vm.name" value="OpenJDK 64-Bit Server VM"/>
    <property name="java.vendor.version" value="AdoptOpenJDK"/>
    <property name="localRepository" value="/Users/ia3andy/.m2/repository"/>
    <property name="java.vendor.url.bug" value="https://github.com/AdoptOpenJDK/openjdk-support/issues"/>
    <property name="java.io.tmpdir" value="/var/folders/j8/sj85tl7d2pq_vnhbpj4t5lwm0000gn/T/"/>
    <property name="quarkus.log.file.path" value="target/quarkus.log"/>
    <property name="idea.version" value="2020.3.2"/>
    <property name="java.version" value="16"/>
    <property name="user.dir" value="/Users/ia3andy/Demo/aloha-code/deployment"/>
    <property name="os.arch" value="x86_64"/>
    <property name="java.vm.specification.name" value="Java Virtual Machine Specification"/>
    <property name="java.util.logging.manager" value="org.jboss.logmanager.LogManager"/>
    <property name="java.library.path" value="/Users/ia3andy/Library/Java/Extensions:/Library/Java/Extensions:/Network/Library/Java/Extensions:/System/Library/Java/Extensions:/usr/lib/java:."/>
    <property name="java.vm.info" value="mixed mode, sharing"/>
    <property name="java.vendor" value="AdoptOpenJDK"/>
    <property name="java.vm.version" value="16+36"/>
    <property name="sun.io.unicode.encoding" value="UnicodeBig"/>
    <property name="socksNonProxyHosts" value="local|*.local|169.254/16|*.169.254/16"/>
    <property name="java.class.version" value="60.0"/>
  </properties>
  <testcase name="writeYourOwnDevModeTest" classname="org.acme.aloha.code.test.AlohaCodeDevModeTest" time="1.817">
    <system-out><![CDATA[__  ____  __  _____   ___  __ ____  ______ 
 --/ __ \/ / / / _ | / _ \/ //_/ / / / __/ 
 -/ /_/ / /_/ / __ |/ , _/ ,< / /_/ /\ \   
--\___\_\____/_/ |_/_/|_/_/|_|\____/___/   
2021-04-27 10:51:29,371 INFO  [io.quarkus] (Quarkus Main Thread) Quarkus 999-SNAPSHOT on JVM started in 0.702s. 
2021-04-27 10:51:29,373 INFO  [io.quarkus] (Quarkus Main Thread) Profile dev activated. Live Coding activated.
2021-04-27 10:51:29,373 INFO  [io.quarkus] (Quarkus Main Thread) Installed features: [aloha-code, cdi]
2021-04-27 10:51:29,406 INFO  [io.quarkus] (Quarkus Main Thread) Quarkus stopped in 0.023s
]]></system-out>
  </testcase>
</testsuite>